2024-09-28 03:09:15: [2024-09-28-03-08-15][CLASS = Main][INFO]: config is not null 

2024-09-28 03:09:15: [2024-09-28-03-08-15][CLASS = Main][INFO]: IP = Server Environment 

2024-09-28 03:09:15: [2024-09-28-03-08-15][CLASS = Main][INFO]: GUID = 289bddf4-4576-4666-aa11-66c85e28c445 

2024-09-28 03:09:15: [2024-09-28-03-08-15][CLASS = Main][INFO]: PORT = 3000 

2024-09-28 03:09:15: [2024-09-28-03-08-15][CLASS = Main][INFO]: MAX_CONNECTION = 3000 

2024-09-28 03:09:15: [2024-09-28-03-08-15][CLASS = Main][INFO]: UDP = False 

2024-09-28 03:09:15: [2024-09-28-03-08-15][CLASS = Main][INFO]: IP = True 

2024-09-28 03:09:15: [2024-09-28-03-08-17][CLASS = TcpServerStart][INFO]: Server Start 

2024-09-28 03:09:15: [2024-09-28-03-08-18][CLASS = TcpServerStart][INFO]: Server Version : 0.01.0 

2024-09-28 03:09:15: [2024-09-28-03-08-19][CLASS = TcpServerStart][INFO]: Server Port : 3000 

2024-09-28 03:09:15: [2024-09-28-03-08-20][CLASS = TcpServerStart][INFO]: Server Max Connection : 3000 

2024-09-28 03:09:15: [2024-09-28-03-08-21][CLASS = TcpServerStart][INFO]: Server is TCP : True 

2024-09-28 03:09:15: [2024-09-28-03-08-22][CLASS = TcpServerStart][INFO]: Server is UDP : False 

2024-09-28 03:09:15: [2024-09-28-03-08-23][CLASS = TcpServerStart][ATTENTION]: Server Configuration Complete!!! 

2024-09-28 03:09:15: [2024-09-28-03-08-24][CLASS = TcpServerStart][ATTENTION]: Server Running!!! 

2024-09-28 03:12:15: [2024-09-28-03-11-43][CLASS = AcceptCompleted][WARNING]: Client Connected - ID: Unknown
line number: 254

2024-09-28 03:12:15: [2024-09-28-03-11-43][CLASS = AcceptCompleted][WARNING]: Waiting for next connection...
line number: 277

2024-09-28 03:12:15: [2024-09-28-03-12-04][CLASS = AcceptCompleted][WARNING]: Client Connected - ID: Unknown
line number: 254

2024-09-28 03:12:15: [2024-09-28-03-12-04][CLASS = AcceptCompleted][WARNING]: Waiting for next connection...
line number: 277

2024-09-28 03:52:16: [2024-09-28-03-51-40][CLASS = AcceptCompleted][WARNING]: Client Connected - ID: Unknown
line number: 254

2024-09-28 03:52:16: [2024-09-28-03-51-40][CLASS = AcceptCompleted][WARNING]: Waiting for next connection...
line number: 277

2024-09-28 03:52:16: [2024-09-28-03-51-45][CLASS = ReceiveCompleted][INFO]: Receive Data From Client : {"ProtocolSelector":2,"Command":1,"HostId":0,"Id":"ade345","PW":"12341234","NickName":""}
 

2024-09-28 03:52:16: [2024-09-28-03-51-45][CLASS = LoginProtocolProcessorAsync][INFO]: 로그인 요청 

2024-09-28 03:52:16: [2024-09-28-03-51-45][CLASS = LoginProtocolProcessorAsync][INFO]: ID : ade345 PW : 12341234 

2024-09-28 03:52:16: [2024-09-28-03-51-45][CLASS = LoginProtocolProcessorAsync][INFO]: HostID : 0 

2024-09-28 03:52:16: [2024-09-28-03-51-45][CLASS = LoginProtocolProcessorAsync][INFO]: Command : 1 

2024-09-28 03:52:16: [2024-09-28-03-51-45][CLASS = LoginProtocolProcessorAsync][INFO]: Socket : 127.0.0.1:54693 

2024-09-28 03:52:16: [2024-09-28-03-51-45][CLASS = LoginProtocolProcessorAsync][INFO]: nick :  

2024-09-28 04:41:16: [2024-09-28-04-40-17][CLASS = AcceptCompleted][WARNING]: Client Connected - ID: Unknown
line number: 254

2024-09-28 04:41:16: [2024-09-28-04-40-17][CLASS = AcceptCompleted][WARNING]: Waiting for next connection...
line number: 277

2024-09-28 04:41:16: [2024-09-28-04-40-24][CLASS = ReceiveCompleted][INFO]: Receive Data From Client : {"ProtocolSelector":2,"Command":1,"HostId":0,"Id":"ade345","PW":"12341234","NickName":""}
 

2024-09-28 04:41:16: [2024-09-28-04-40-24][CLASS = LoginProtocolProcessorAsync][INFO]: 로그인 요청 

2024-09-28 04:41:16: [2024-09-28-04-40-24][CLASS = LoginProtocolProcessorAsync][INFO]: ID : ade345 PW : 12341234 

2024-09-28 04:41:16: [2024-09-28-04-40-24][CLASS = LoginProtocolProcessorAsync][INFO]: HostID : 0 

2024-09-28 04:41:16: [2024-09-28-04-40-24][CLASS = LoginProtocolProcessorAsync][INFO]: Command : 1 

2024-09-28 04:41:16: [2024-09-28-04-40-24][CLASS = LoginProtocolProcessorAsync][INFO]: Socket : 127.0.0.1:55091 

2024-09-28 04:41:16: [2024-09-28-04-40-24][CLASS = LoginProtocolProcessorAsync][INFO]: nick :  

2024-09-28 04:41:16: [2024-09-28-04-40-24][CLASS = ReceiveCompleted][INFO]: Receive Data From Client : {"ProtocolSelector":2,"Command":1,"HostId":0,"Id":"ade345","PW":"12341234","NickName":""}
 

2024-09-28 04:41:16: [2024-09-28-04-40-24][CLASS = LoginProtocolProcessorAsync][INFO]: 로그인 요청 

2024-09-28 04:41:16: [2024-09-28-04-40-24][CLASS = LoginProtocolProcessorAsync][INFO]: ID : ade345 PW : 12341234 

2024-09-28 04:41:16: [2024-09-28-04-40-24][CLASS = LoginProtocolProcessorAsync][INFO]: HostID : 0 

2024-09-28 04:41:16: [2024-09-28-04-40-24][CLASS = LoginProtocolProcessorAsync][INFO]: Command : 1 

2024-09-28 04:41:16: [2024-09-28-04-40-24][CLASS = LoginProtocolProcessorAsync][INFO]: Socket : 127.0.0.1:55091 

2024-09-28 04:41:16: [2024-09-28-04-40-24][CLASS = LoginProtocolProcessorAsync][INFO]: nick :  

2024-09-28 04:41:16: [2024-09-28-04-40-25][CLASS = ReceiveCompleted][INFO]: Receive Data From Client : {"ProtocolSelector":2,"Command":1,"HostId":0,"Id":"ade345","PW":"12341234","NickName":""}
 

2024-09-28 04:41:16: [2024-09-28-04-40-25][CLASS = LoginProtocolProcessorAsync][INFO]: 로그인 요청 

2024-09-28 04:41:16: [2024-09-28-04-40-25][CLASS = LoginProtocolProcessorAsync][INFO]: ID : ade345 PW : 12341234 

2024-09-28 04:41:16: [2024-09-28-04-40-25][CLASS = LoginProtocolProcessorAsync][INFO]: HostID : 0 

2024-09-28 04:41:16: [2024-09-28-04-40-25][CLASS = LoginProtocolProcessorAsync][INFO]: Command : 1 

2024-09-28 04:41:16: [2024-09-28-04-40-25][CLASS = LoginProtocolProcessorAsync][INFO]: Socket : 127.0.0.1:55091 

2024-09-28 04:41:16: [2024-09-28-04-40-25][CLASS = LoginProtocolProcessorAsync][INFO]: nick :  

2024-09-28 04:41:16: [2024-09-28-04-40-25][CLASS = ReceiveCompleted][INFO]: Receive Data From Client : {"ProtocolSelector":2,"Command":1,"HostId":0,"Id":"ade345","PW":"12341234","NickName":""}
 

2024-09-28 04:41:16: [2024-09-28-04-40-25][CLASS = LoginProtocolProcessorAsync][INFO]: 로그인 요청 

2024-09-28 04:41:16: [2024-09-28-04-40-25][CLASS = LoginProtocolProcessorAsync][INFO]: ID : ade345 PW : 12341234 

2024-09-28 04:41:16: [2024-09-28-04-40-25][CLASS = LoginProtocolProcessorAsync][INFO]: HostID : 0 

2024-09-28 04:41:16: [2024-09-28-04-40-25][CLASS = LoginProtocolProcessorAsync][INFO]: Command : 1 

2024-09-28 04:41:16: [2024-09-28-04-40-25][CLASS = LoginProtocolProcessorAsync][INFO]: Socket : 127.0.0.1:55091 

2024-09-28 04:41:16: [2024-09-28-04-40-25][CLASS = LoginProtocolProcessorAsync][INFO]: nick :  

2024-09-28 04:41:16: [2024-09-28-04-40-46][CLASS = ReceiveCompleted][INFO]: Receive Data From Client : {"ProtocolSelector":2,"Command":1,"HostId":0,"Id":"ade345","PW":"12341234","NickName":""}
 

2024-09-28 04:41:16: [2024-09-28-04-40-46][CLASS = LoginProtocolProcessorAsync][INFO]: 로그인 요청 

2024-09-28 04:41:16: [2024-09-28-04-40-46][CLASS = LoginProtocolProcessorAsync][INFO]: ID : ade345 PW : 12341234 

2024-09-28 04:41:16: [2024-09-28-04-40-46][CLASS = LoginProtocolProcessorAsync][INFO]: HostID : 0 

2024-09-28 04:41:16: [2024-09-28-04-40-46][CLASS = LoginProtocolProcessorAsync][INFO]: Command : 1 

2024-09-28 04:41:16: [2024-09-28-04-40-46][CLASS = LoginProtocolProcessorAsync][INFO]: Socket : 127.0.0.1:55091 

2024-09-28 04:41:16: [2024-09-28-04-40-46][CLASS = LoginProtocolProcessorAsync][INFO]: nick :  

2024-09-28 04:41:16: [2024-09-28-04-40-46][CLASS = ReceiveCompleted][INFO]: Receive Data From Client : {"ProtocolSelector":2,"Command":1,"HostId":0,"Id":"ade345","PW":"12341234","NickName":""}
 

2024-09-28 04:41:16: [2024-09-28-04-40-46][CLASS = LoginProtocolProcessorAsync][INFO]: 로그인 요청 

2024-09-28 04:41:16: [2024-09-28-04-40-46][CLASS = LoginProtocolProcessorAsync][INFO]: ID : ade345 PW : 12341234 

2024-09-28 04:41:16: [2024-09-28-04-40-46][CLASS = LoginProtocolProcessorAsync][INFO]: HostID : 0 

2024-09-28 04:41:16: [2024-09-28-04-40-46][CLASS = LoginProtocolProcessorAsync][INFO]: Command : 1 

2024-09-28 04:41:16: [2024-09-28-04-40-46][CLASS = LoginProtocolProcessorAsync][INFO]: Socket : 127.0.0.1:55091 

2024-09-28 04:41:16: [2024-09-28-04-40-46][CLASS = LoginProtocolProcessorAsync][INFO]: nick :  

2024-09-28 04:41:16: [2024-09-28-04-40-46][CLASS = ReceiveCompleted][INFO]: Receive Data From Client : {"ProtocolSelector":2,"Command":1,"HostId":0,"Id":"ade345","PW":"12341234","NickName":""}
 

2024-09-28 04:41:16: [2024-09-28-04-40-46][CLASS = LoginProtocolProcessorAsync][INFO]: 로그인 요청 

2024-09-28 04:41:16: [2024-09-28-04-40-46][CLASS = LoginProtocolProcessorAsync][INFO]: ID : ade345 PW : 12341234 

2024-09-28 04:41:16: [2024-09-28-04-40-46][CLASS = LoginProtocolProcessorAsync][INFO]: HostID : 0 

2024-09-28 04:41:16: [2024-09-28-04-40-46][CLASS = LoginProtocolProcessorAsync][INFO]: Command : 1 

2024-09-28 04:41:16: [2024-09-28-04-40-46][CLASS = LoginProtocolProcessorAsync][INFO]: Socket : 127.0.0.1:55091 

2024-09-28 04:41:16: [2024-09-28-04-40-46][CLASS = LoginProtocolProcessorAsync][INFO]: nick :  

2024-09-28 04:41:16: [2024-09-28-04-40-46][CLASS = ReceiveCompleted][INFO]: Receive Data From Client : {"ProtocolSelector":2,"Command":1,"HostId":0,"Id":"ade345","PW":"12341234","NickName":""}
 

2024-09-28 04:41:16: [2024-09-28-04-40-46][CLASS = LoginProtocolProcessorAsync][INFO]: 로그인 요청 

2024-09-28 04:41:16: [2024-09-28-04-40-46][CLASS = LoginProtocolProcessorAsync][INFO]: ID : ade345 PW : 12341234 

2024-09-28 04:41:16: [2024-09-28-04-40-46][CLASS = LoginProtocolProcessorAsync][INFO]: HostID : 0 

2024-09-28 04:41:16: [2024-09-28-04-40-46][CLASS = LoginProtocolProcessorAsync][INFO]: Command : 1 

2024-09-28 04:41:16: [2024-09-28-04-40-46][CLASS = LoginProtocolProcessorAsync][INFO]: Socket : 127.0.0.1:55091 

2024-09-28 04:41:16: [2024-09-28-04-40-46][CLASS = LoginProtocolProcessorAsync][INFO]: nick :  

2024-09-28 04:41:16: [2024-09-28-04-40-46][CLASS = ReceiveCompleted][INFO]: Receive Data From Client : {"ProtocolSelector":2,"Command":1,"HostId":0,"Id":"ade345","PW":"12341234","NickName":""}
 

2024-09-28 04:41:16: [2024-09-28-04-40-46][CLASS = LoginProtocolProcessorAsync][INFO]: 로그인 요청 

2024-09-28 04:41:16: [2024-09-28-04-40-46][CLASS = LoginProtocolProcessorAsync][INFO]: ID : ade345 PW : 12341234 

2024-09-28 04:41:16: [2024-09-28-04-40-46][CLASS = LoginProtocolProcessorAsync][INFO]: HostID : 0 

2024-09-28 04:41:16: [2024-09-28-04-40-46][CLASS = LoginProtocolProcessorAsync][INFO]: Command : 1 

2024-09-28 04:41:16: [2024-09-28-04-40-46][CLASS = LoginProtocolProcessorAsync][INFO]: Socket : 127.0.0.1:55091 

2024-09-28 04:41:16: [2024-09-28-04-40-46][CLASS = LoginProtocolProcessorAsync][INFO]: nick :  

2024-09-28 04:41:16: [2024-09-28-04-40-46][CLASS = ReceiveCompleted][INFO]: Receive Data From Client : {"ProtocolSelector":2,"Command":1,"HostId":0,"Id":"ade345","PW":"12341234","NickName":""}
 

2024-09-28 04:41:16: [2024-09-28-04-40-46][CLASS = LoginProtocolProcessorAsync][INFO]: 로그인 요청 

2024-09-28 04:41:16: [2024-09-28-04-40-46][CLASS = LoginProtocolProcessorAsync][INFO]: ID : ade345 PW : 12341234 

2024-09-28 04:41:16: [2024-09-28-04-40-46][CLASS = LoginProtocolProcessorAsync][INFO]: HostID : 0 

2024-09-28 04:41:16: [2024-09-28-04-40-46][CLASS = LoginProtocolProcessorAsync][INFO]: Command : 1 

2024-09-28 04:41:16: [2024-09-28-04-40-46][CLASS = LoginProtocolProcessorAsync][INFO]: Socket : 127.0.0.1:55091 

2024-09-28 04:41:16: [2024-09-28-04-40-46][CLASS = LoginProtocolProcessorAsync][INFO]: nick :  

2024-09-28 04:41:16: [2024-09-28-04-40-47][CLASS = ReceiveCompleted][INFO]: Receive Data From Client : {"ProtocolSelector":2,"Command":1,"HostId":0,"Id":"ade345","PW":"12341234","NickName":""}
 

2024-09-28 04:41:16: [2024-09-28-04-40-47][CLASS = LoginProtocolProcessorAsync][INFO]: 로그인 요청 

2024-09-28 04:41:16: [2024-09-28-04-40-47][CLASS = LoginProtocolProcessorAsync][INFO]: ID : ade345 PW : 12341234 

2024-09-28 04:41:16: [2024-09-28-04-40-47][CLASS = LoginProtocolProcessorAsync][INFO]: HostID : 0 

2024-09-28 04:41:16: [2024-09-28-04-40-47][CLASS = LoginProtocolProcessorAsync][INFO]: Command : 1 

2024-09-28 04:41:16: [2024-09-28-04-40-47][CLASS = LoginProtocolProcessorAsync][INFO]: Socket : 127.0.0.1:55091 

2024-09-28 04:41:16: [2024-09-28-04-40-47][CLASS = LoginProtocolProcessorAsync][INFO]: nick :  

2024-09-28 04:41:16: [2024-09-28-04-40-47][CLASS = ReceiveCompleted][INFO]: Receive Data From Client : {"ProtocolSelector":2,"Command":1,"HostId":0,"Id":"ade345","PW":"12341234","NickName":""}
 

2024-09-28 04:41:16: [2024-09-28-04-40-47][CLASS = LoginProtocolProcessorAsync][INFO]: 로그인 요청 

2024-09-28 04:41:16: [2024-09-28-04-40-47][CLASS = LoginProtocolProcessorAsync][INFO]: ID : ade345 PW : 12341234 

2024-09-28 04:41:16: [2024-09-28-04-40-47][CLASS = LoginProtocolProcessorAsync][INFO]: HostID : 0 

2024-09-28 04:41:16: [2024-09-28-04-40-47][CLASS = LoginProtocolProcessorAsync][INFO]: Command : 1 

2024-09-28 04:41:16: [2024-09-28-04-40-47][CLASS = LoginProtocolProcessorAsync][INFO]: Socket : 127.0.0.1:55091 

2024-09-28 04:41:16: [2024-09-28-04-40-47][CLASS = LoginProtocolProcessorAsync][INFO]: nick :  

2024-09-28 04:41:16: [2024-09-28-04-40-47][CLASS = ReceiveCompleted][INFO]: Receive Data From Client : {"ProtocolSelector":2,"Command":1,"HostId":0,"Id":"ade345","PW":"12341234","NickName":""}
 

2024-09-28 04:41:16: [2024-09-28-04-40-47][CLASS = LoginProtocolProcessorAsync][INFO]: 로그인 요청 

2024-09-28 04:41:16: [2024-09-28-04-40-47][CLASS = LoginProtocolProcessorAsync][INFO]: ID : ade345 PW : 12341234 

2024-09-28 04:41:16: [2024-09-28-04-40-47][CLASS = LoginProtocolProcessorAsync][INFO]: HostID : 0 

2024-09-28 04:41:16: [2024-09-28-04-40-47][CLASS = LoginProtocolProcessorAsync][INFO]: Command : 1 

2024-09-28 04:41:16: [2024-09-28-04-40-47][CLASS = LoginProtocolProcessorAsync][INFO]: Socket : 127.0.0.1:55091 

2024-09-28 04:41:16: [2024-09-28-04-40-47][CLASS = LoginProtocolProcessorAsync][INFO]: nick :  

2024-09-28 04:41:16: [2024-09-28-04-40-47][CLASS = ReceiveCompleted][INFO]: Receive Data From Client : {"ProtocolSelector":2,"Command":1,"HostId":0,"Id":"ade345","PW":"12341234","NickName":""}
 

2024-09-28 04:41:16: [2024-09-28-04-40-47][CLASS = LoginProtocolProcessorAsync][INFO]: 로그인 요청 

2024-09-28 04:41:16: [2024-09-28-04-40-47][CLASS = LoginProtocolProcessorAsync][INFO]: ID : ade345 PW : 12341234 

2024-09-28 04:41:16: [2024-09-28-04-40-47][CLASS = LoginProtocolProcessorAsync][INFO]: HostID : 0 

2024-09-28 04:41:16: [2024-09-28-04-40-47][CLASS = LoginProtocolProcessorAsync][INFO]: Command : 1 

2024-09-28 04:41:16: [2024-09-28-04-40-47][CLASS = LoginProtocolProcessorAsync][INFO]: Socket : 127.0.0.1:55091 

2024-09-28 04:41:16: [2024-09-28-04-40-47][CLASS = LoginProtocolProcessorAsync][INFO]: nick :  

2024-09-28 04:41:16: [2024-09-28-04-40-47][CLASS = ReceiveCompleted][INFO]: Receive Data From Client : {"ProtocolSelector":2,"Command":1,"HostId":0,"Id":"ade345","PW":"12341234","NickName":""}
 

2024-09-28 04:41:16: [2024-09-28-04-40-47][CLASS = LoginProtocolProcessorAsync][INFO]: 로그인 요청 

2024-09-28 04:41:16: [2024-09-28-04-40-47][CLASS = LoginProtocolProcessorAsync][INFO]: ID : ade345 PW : 12341234 

2024-09-28 04:41:16: [2024-09-28-04-40-47][CLASS = LoginProtocolProcessorAsync][INFO]: HostID : 0 

2024-09-28 04:41:16: [2024-09-28-04-40-47][CLASS = LoginProtocolProcessorAsync][INFO]: Command : 1 

2024-09-28 04:41:16: [2024-09-28-04-40-47][CLASS = LoginProtocolProcessorAsync][INFO]: Socket : 127.0.0.1:55091 

2024-09-28 04:41:16: [2024-09-28-04-40-47][CLASS = LoginProtocolProcessorAsync][INFO]: nick :  

2024-09-28 04:41:16: [2024-09-28-04-40-47][CLASS = ReceiveCompleted][INFO]: Receive Data From Client : {"ProtocolSelector":2,"Command":1,"HostId":0,"Id":"ade345","PW":"12341234","NickName":""}
 

2024-09-28 04:41:16: [2024-09-28-04-40-47][CLASS = LoginProtocolProcessorAsync][INFO]: 로그인 요청 

2024-09-28 04:41:16: [2024-09-28-04-40-47][CLASS = LoginProtocolProcessorAsync][INFO]: ID : ade345 PW : 12341234 

2024-09-28 04:41:16: [2024-09-28-04-40-47][CLASS = LoginProtocolProcessorAsync][INFO]: HostID : 0 

2024-09-28 04:41:16: [2024-09-28-04-40-47][CLASS = LoginProtocolProcessorAsync][INFO]: Command : 1 

2024-09-28 04:41:16: [2024-09-28-04-40-47][CLASS = LoginProtocolProcessorAsync][INFO]: Socket : 127.0.0.1:55091 

2024-09-28 04:41:16: [2024-09-28-04-40-47][CLASS = LoginProtocolProcessorAsync][INFO]: nick :  

2024-09-28 04:41:16: [2024-09-28-04-40-47][CLASS = ReceiveCompleted][INFO]: Receive Data From Client : {"ProtocolSelector":2,"Command":1,"HostId":0,"Id":"ade345","PW":"12341234","NickName":""}
 

2024-09-28 04:41:16: [2024-09-28-04-40-47][CLASS = LoginProtocolProcessorAsync][INFO]: 로그인 요청 

2024-09-28 04:41:16: [2024-09-28-04-40-47][CLASS = LoginProtocolProcessorAsync][INFO]: ID : ade345 PW : 12341234 

2024-09-28 04:41:16: [2024-09-28-04-40-47][CLASS = LoginProtocolProcessorAsync][INFO]: HostID : 0 

2024-09-28 04:41:16: [2024-09-28-04-40-47][CLASS = LoginProtocolProcessorAsync][INFO]: Command : 1 

2024-09-28 04:41:16: [2024-09-28-04-40-47][CLASS = LoginProtocolProcessorAsync][INFO]: Socket : 127.0.0.1:55091 

2024-09-28 04:41:16: [2024-09-28-04-40-47][CLASS = LoginProtocolProcessorAsync][INFO]: nick :  

2024-09-28 04:41:16: [2024-09-28-04-40-47][CLASS = ReceiveCompleted][INFO]: Receive Data From Client : {"ProtocolSelector":2,"Command":1,"HostId":0,"Id":"ade345","PW":"12341234","NickName":""}
 

2024-09-28 04:41:16: [2024-09-28-04-40-47][CLASS = LoginProtocolProcessorAsync][INFO]: 로그인 요청 

2024-09-28 04:41:16: [2024-09-28-04-40-47][CLASS = LoginProtocolProcessorAsync][INFO]: ID : ade345 PW : 12341234 

2024-09-28 04:41:16: [2024-09-28-04-40-47][CLASS = LoginProtocolProcessorAsync][INFO]: HostID : 0 

2024-09-28 04:41:16: [2024-09-28-04-40-47][CLASS = LoginProtocolProcessorAsync][INFO]: Command : 1 

2024-09-28 04:41:16: [2024-09-28-04-40-47][CLASS = LoginProtocolProcessorAsync][INFO]: Socket : 127.0.0.1:55091 

2024-09-28 04:41:16: [2024-09-28-04-40-47][CLASS = LoginProtocolProcessorAsync][INFO]: nick :  

2024-09-28 04:41:16: [2024-09-28-04-40-47][CLASS = ReceiveCompleted][INFO]: Receive Data From Client : {"ProtocolSelector":2,"Command":1,"HostId":0,"Id":"ade345","PW":"12341234","NickName":""}
 

2024-09-28 04:41:16: [2024-09-28-04-40-47][CLASS = LoginProtocolProcessorAsync][INFO]: 로그인 요청 

2024-09-28 04:41:16: [2024-09-28-04-40-47][CLASS = LoginProtocolProcessorAsync][INFO]: ID : ade345 PW : 12341234 

2024-09-28 04:41:16: [2024-09-28-04-40-47][CLASS = LoginProtocolProcessorAsync][INFO]: HostID : 0 

2024-09-28 04:41:16: [2024-09-28-04-40-47][CLASS = LoginProtocolProcessorAsync][INFO]: Command : 1 

2024-09-28 04:41:16: [2024-09-28-04-40-47][CLASS = LoginProtocolProcessorAsync][INFO]: Socket : 127.0.0.1:55091 

2024-09-28 04:41:16: [2024-09-28-04-40-47][CLASS = LoginProtocolProcessorAsync][INFO]: nick :  

2024-09-28 04:41:16: [2024-09-28-04-40-48][CLASS = ReceiveCompleted][INFO]: Receive Data From Client : {"ProtocolSelector":2,"Command":1,"HostId":0,"Id":"ade345","PW":"12341234","NickName":""}
 

2024-09-28 04:41:16: [2024-09-28-04-40-48][CLASS = LoginProtocolProcessorAsync][INFO]: 로그인 요청 

2024-09-28 04:41:16: [2024-09-28-04-40-48][CLASS = LoginProtocolProcessorAsync][INFO]: ID : ade345 PW : 12341234 

2024-09-28 04:41:16: [2024-09-28-04-40-48][CLASS = LoginProtocolProcessorAsync][INFO]: HostID : 0 

2024-09-28 04:41:16: [2024-09-28-04-40-48][CLASS = LoginProtocolProcessorAsync][INFO]: Command : 1 

2024-09-28 04:41:16: [2024-09-28-04-40-48][CLASS = LoginProtocolProcessorAsync][INFO]: Socket : 127.0.0.1:55091 

2024-09-28 04:41:16: [2024-09-28-04-40-48][CLASS = LoginProtocolProcessorAsync][INFO]: nick :  

2024-09-28 04:41:16: [2024-09-28-04-40-49][CLASS = ReceiveCompleted][INFO]: Receive Data From Client : {"ProtocolSelector":2,"Command":1,"HostId":0,"Id":"ade345","PW":"12341234","NickName":""}
 

2024-09-28 04:41:16: [2024-09-28-04-40-49][CLASS = LoginProtocolProcessorAsync][INFO]: 로그인 요청 

2024-09-28 04:41:16: [2024-09-28-04-40-49][CLASS = LoginProtocolProcessorAsync][INFO]: ID : ade345 PW : 12341234 

2024-09-28 04:41:16: [2024-09-28-04-40-49][CLASS = LoginProtocolProcessorAsync][INFO]: HostID : 0 

2024-09-28 04:41:16: [2024-09-28-04-40-49][CLASS = LoginProtocolProcessorAsync][INFO]: Command : 1 

2024-09-28 04:41:16: [2024-09-28-04-40-49][CLASS = LoginProtocolProcessorAsync][INFO]: Socket : 127.0.0.1:55091 

2024-09-28 04:41:16: [2024-09-28-04-40-49][CLASS = LoginProtocolProcessorAsync][INFO]: nick :  

2024-09-28 04:41:16: [2024-09-28-04-40-49][CLASS = ReceiveCompleted][INFO]: Receive Data From Client : {"ProtocolSelector":2,"Command":1,"HostId":0,"Id":"ade345","PW":"12341234","NickName":""}
 

2024-09-28 04:41:16: [2024-09-28-04-40-49][CLASS = LoginProtocolProcessorAsync][INFO]: 로그인 요청 

2024-09-28 04:41:16: [2024-09-28-04-40-49][CLASS = LoginProtocolProcessorAsync][INFO]: ID : ade345 PW : 12341234 

2024-09-28 04:41:16: [2024-09-28-04-40-49][CLASS = LoginProtocolProcessorAsync][INFO]: HostID : 0 

2024-09-28 04:41:16: [2024-09-28-04-40-49][CLASS = LoginProtocolProcessorAsync][INFO]: Command : 1 

2024-09-28 04:41:16: [2024-09-28-04-40-49][CLASS = LoginProtocolProcessorAsync][INFO]: Socket : 127.0.0.1:55091 

2024-09-28 04:41:16: [2024-09-28-04-40-49][CLASS = LoginProtocolProcessorAsync][INFO]: nick :  

2024-09-28 04:41:16: [2024-09-28-04-40-49][CLASS = ReceiveCompleted][INFO]: Receive Data From Client : {"ProtocolSelector":2,"Command":1,"HostId":0,"Id":"ade345","PW":"12341234","NickName":""}
 

2024-09-28 04:41:16: [2024-09-28-04-40-49][CLASS = LoginProtocolProcessorAsync][INFO]: 로그인 요청 

2024-09-28 04:41:16: [2024-09-28-04-40-49][CLASS = LoginProtocolProcessorAsync][INFO]: ID : ade345 PW : 12341234 

2024-09-28 04:41:16: [2024-09-28-04-40-49][CLASS = LoginProtocolProcessorAsync][INFO]: HostID : 0 

2024-09-28 04:41:16: [2024-09-28-04-40-49][CLASS = LoginProtocolProcessorAsync][INFO]: Command : 1 

2024-09-28 04:41:16: [2024-09-28-04-40-49][CLASS = LoginProtocolProcessorAsync][INFO]: Socket : 127.0.0.1:55091 

2024-09-28 04:41:16: [2024-09-28-04-40-49][CLASS = LoginProtocolProcessorAsync][INFO]: nick :  

2024-09-28 04:41:16: [2024-09-28-04-40-50][CLASS = ReceiveCompleted][INFO]: Receive Data From Client : {"ProtocolSelector":2,"Command":1,"HostId":0,"Id":"ade345","PW":"12341234","NickName":""}
 

2024-09-28 04:41:16: [2024-09-28-04-40-50][CLASS = LoginProtocolProcessorAsync][INFO]: 로그인 요청 

2024-09-28 04:41:16: [2024-09-28-04-40-50][CLASS = LoginProtocolProcessorAsync][INFO]: ID : ade345 PW : 12341234 

2024-09-28 04:41:16: [2024-09-28-04-40-50][CLASS = LoginProtocolProcessorAsync][INFO]: HostID : 0 

2024-09-28 04:41:16: [2024-09-28-04-40-50][CLASS = LoginProtocolProcessorAsync][INFO]: Command : 1 

2024-09-28 04:41:16: [2024-09-28-04-40-50][CLASS = LoginProtocolProcessorAsync][INFO]: Socket : 127.0.0.1:55091 

2024-09-28 04:41:16: [2024-09-28-04-40-50][CLASS = LoginProtocolProcessorAsync][INFO]: nick :  

2024-09-28 04:41:16: [2024-09-28-04-40-52][CLASS = ReceiveCompleted][INFO]: Receive Data From Client : {"ProtocolSelector":2,"Command":1,"HostId":0,"Id":"ade345","PW":"12341234","NickName":""}
 

2024-09-28 04:41:16: [2024-09-28-04-40-52][CLASS = LoginProtocolProcessorAsync][INFO]: 로그인 요청 

2024-09-28 04:41:16: [2024-09-28-04-40-53][CLASS = LoginProtocolProcessorAsync][INFO]: ID : ade345 PW : 12341234 

2024-09-28 04:41:16: [2024-09-28-04-40-53][CLASS = LoginProtocolProcessorAsync][INFO]: HostID : 0 

2024-09-28 04:41:16: [2024-09-28-04-40-53][CLASS = LoginProtocolProcessorAsync][INFO]: Command : 1 

2024-09-28 04:41:16: [2024-09-28-04-40-53][CLASS = LoginProtocolProcessorAsync][INFO]: Socket : 127.0.0.1:55091 

2024-09-28 04:41:16: [2024-09-28-04-40-53][CLASS = LoginProtocolProcessorAsync][INFO]: nick :  

2024-09-28 04:41:16: [2024-09-28-04-40-53][CLASS = ReceiveCompleted][INFO]: Receive Data From Client : {"ProtocolSelector":2,"Command":1,"HostId":0,"Id":"ade345","PW":"12341234","NickName":""}
 

2024-09-28 04:41:16: [2024-09-28-04-40-53][CLASS = LoginProtocolProcessorAsync][INFO]: 로그인 요청 

2024-09-28 04:41:16: [2024-09-28-04-40-53][CLASS = LoginProtocolProcessorAsync][INFO]: ID : ade345 PW : 12341234 

2024-09-28 04:41:16: [2024-09-28-04-40-53][CLASS = LoginProtocolProcessorAsync][INFO]: HostID : 0 

2024-09-28 04:41:16: [2024-09-28-04-40-53][CLASS = LoginProtocolProcessorAsync][INFO]: Command : 1 

2024-09-28 04:41:16: [2024-09-28-04-40-53][CLASS = LoginProtocolProcessorAsync][INFO]: Socket : 127.0.0.1:55091 

2024-09-28 04:41:16: [2024-09-28-04-40-53][CLASS = LoginProtocolProcessorAsync][INFO]: nick :  

2024-09-28 04:41:16: [2024-09-28-04-40-53][CLASS = ReceiveCompleted][INFO]: Receive Data From Client : {"ProtocolSelector":2,"Command":1,"HostId":0,"Id":"ade345","PW":"12341234","NickName":""}
 

2024-09-28 04:41:16: [2024-09-28-04-40-53][CLASS = LoginProtocolProcessorAsync][INFO]: 로그인 요청 

2024-09-28 04:41:16: [2024-09-28-04-40-53][CLASS = LoginProtocolProcessorAsync][INFO]: ID : ade345 PW : 12341234 

2024-09-28 04:41:16: [2024-09-28-04-40-53][CLASS = LoginProtocolProcessorAsync][INFO]: HostID : 0 

2024-09-28 04:41:16: [2024-09-28-04-40-53][CLASS = LoginProtocolProcessorAsync][INFO]: Command : 1 

2024-09-28 04:41:16: [2024-09-28-04-40-53][CLASS = LoginProtocolProcessorAsync][INFO]: Socket : 127.0.0.1:55091 

2024-09-28 04:41:16: [2024-09-28-04-40-53][CLASS = LoginProtocolProcessorAsync][INFO]: nick :  

2024-09-28 04:41:16: [2024-09-28-04-40-54][CLASS = ReceiveCompleted][INFO]: Receive Data From Client : {"ProtocolSelector":2,"Command":1,"HostId":0,"Id":"ade345","PW":"12341234","NickName":""}
 

2024-09-28 04:41:16: [2024-09-28-04-40-54][CLASS = LoginProtocolProcessorAsync][INFO]: 로그인 요청 

2024-09-28 04:41:16: [2024-09-28-04-40-54][CLASS = LoginProtocolProcessorAsync][INFO]: ID : ade345 PW : 12341234 

2024-09-28 04:41:16: [2024-09-28-04-40-54][CLASS = LoginProtocolProcessorAsync][INFO]: HostID : 0 

2024-09-28 04:41:16: [2024-09-28-04-40-54][CLASS = LoginProtocolProcessorAsync][INFO]: Command : 1 

2024-09-28 04:41:16: [2024-09-28-04-40-54][CLASS = LoginProtocolProcessorAsync][INFO]: Socket : 127.0.0.1:55091 

2024-09-28 04:41:16: [2024-09-28-04-40-54][CLASS = LoginProtocolProcessorAsync][INFO]: nick :  

2024-09-28 04:41:16: [2024-09-28-04-40-54][CLASS = ReceiveCompleted][INFO]: Receive Data From Client : {"ProtocolSelector":2,"Command":1,"HostId":0,"Id":"ade345","PW":"12341234","NickName":""}
 

2024-09-28 04:41:16: [2024-09-28-04-40-54][CLASS = LoginProtocolProcessorAsync][INFO]: 로그인 요청 

2024-09-28 04:41:16: [2024-09-28-04-40-54][CLASS = LoginProtocolProcessorAsync][INFO]: ID : ade345 PW : 12341234 

2024-09-28 04:41:16: [2024-09-28-04-40-54][CLASS = LoginProtocolProcessorAsync][INFO]: HostID : 0 

2024-09-28 04:41:16: [2024-09-28-04-40-54][CLASS = LoginProtocolProcessorAsync][INFO]: Command : 1 

2024-09-28 04:41:16: [2024-09-28-04-40-54][CLASS = LoginProtocolProcessorAsync][INFO]: Socket : 127.0.0.1:55091 

2024-09-28 04:41:16: [2024-09-28-04-40-54][CLASS = LoginProtocolProcessorAsync][INFO]: nick :  

2024-09-28 04:41:16: [2024-09-28-04-40-54][CLASS = ReceiveCompleted][INFO]: Receive Data From Client : {"ProtocolSelector":2,"Command":1,"HostId":0,"Id":"ade345","PW":"12341234","NickName":""}
 

2024-09-28 04:41:16: [2024-09-28-04-40-54][CLASS = LoginProtocolProcessorAsync][INFO]: 로그인 요청 

2024-09-28 04:41:16: [2024-09-28-04-40-54][CLASS = LoginProtocolProcessorAsync][INFO]: ID : ade345 PW : 12341234 

2024-09-28 04:41:16: [2024-09-28-04-40-54][CLASS = LoginProtocolProcessorAsync][INFO]: HostID : 0 

2024-09-28 04:41:16: [2024-09-28-04-40-54][CLASS = LoginProtocolProcessorAsync][INFO]: Command : 1 

2024-09-28 04:41:16: [2024-09-28-04-40-54][CLASS = LoginProtocolProcessorAsync][INFO]: Socket : 127.0.0.1:55091 

2024-09-28 04:41:16: [2024-09-28-04-40-54][CLASS = LoginProtocolProcessorAsync][INFO]: nick :  

2024-09-28 04:41:16: [2024-09-28-04-40-54][CLASS = ReceiveCompleted][INFO]: Receive Data From Client : {"ProtocolSelector":2,"Command":1,"HostId":0,"Id":"ade345","PW":"12341234","NickName":""}
 

2024-09-28 04:41:16: [2024-09-28-04-40-54][CLASS = LoginProtocolProcessorAsync][INFO]: 로그인 요청 

2024-09-28 04:41:16: [2024-09-28-04-40-55][CLASS = LoginProtocolProcessorAsync][INFO]: ID : ade345 PW : 12341234 

2024-09-28 04:41:16: [2024-09-28-04-40-55][CLASS = LoginProtocolProcessorAsync][INFO]: HostID : 0 

2024-09-28 04:41:16: [2024-09-28-04-40-55][CLASS = LoginProtocolProcessorAsync][INFO]: Command : 1 

2024-09-28 04:41:16: [2024-09-28-04-40-55][CLASS = LoginProtocolProcessorAsync][INFO]: Socket : 127.0.0.1:55091 

2024-09-28 04:41:16: [2024-09-28-04-40-55][CLASS = LoginProtocolProcessorAsync][INFO]: nick :  

2024-09-28 04:41:16: [2024-09-28-04-40-55][CLASS = ReceiveCompleted][INFO]: Receive Data From Client : {"ProtocolSelector":2,"Command":1,"HostId":0,"Id":"ade345","PW":"12341234","NickName":""}
 

2024-09-28 04:41:16: [2024-09-28-04-40-55][CLASS = LoginProtocolProcessorAsync][INFO]: 로그인 요청 

2024-09-28 04:41:16: [2024-09-28-04-40-55][CLASS = LoginProtocolProcessorAsync][INFO]: ID : ade345 PW : 12341234 

2024-09-28 04:41:16: [2024-09-28-04-40-55][CLASS = LoginProtocolProcessorAsync][INFO]: HostID : 0 

2024-09-28 04:41:16: [2024-09-28-04-40-55][CLASS = LoginProtocolProcessorAsync][INFO]: Command : 1 

2024-09-28 04:41:16: [2024-09-28-04-40-55][CLASS = LoginProtocolProcessorAsync][INFO]: Socket : 127.0.0.1:55091 

2024-09-28 04:41:16: [2024-09-28-04-40-55][CLASS = LoginProtocolProcessorAsync][INFO]: nick :  

2024-09-28 04:41:16: [2024-09-28-04-40-55][CLASS = ReceiveCompleted][INFO]: Receive Data From Client : {"ProtocolSelector":2,"Command":1,"HostId":0,"Id":"ade345","PW":"12341234","NickName":""}
 

2024-09-28 04:41:16: [2024-09-28-04-40-55][CLASS = LoginProtocolProcessorAsync][INFO]: 로그인 요청 

2024-09-28 04:41:16: [2024-09-28-04-40-55][CLASS = LoginProtocolProcessorAsync][INFO]: ID : ade345 PW : 12341234 

2024-09-28 04:41:16: [2024-09-28-04-40-55][CLASS = LoginProtocolProcessorAsync][INFO]: HostID : 0 

2024-09-28 04:41:16: [2024-09-28-04-40-55][CLASS = LoginProtocolProcessorAsync][INFO]: Command : 1 

2024-09-28 04:41:16: [2024-09-28-04-40-55][CLASS = LoginProtocolProcessorAsync][INFO]: Socket : 127.0.0.1:55091 

2024-09-28 04:41:16: [2024-09-28-04-40-55][CLASS = LoginProtocolProcessorAsync][INFO]: nick :  

2024-09-28 04:41:16: [2024-09-28-04-40-55][CLASS = ReceiveCompleted][INFO]: Receive Data From Client : {"ProtocolSelector":2,"Command":1,"HostId":0,"Id":"ade345","PW":"12341234","NickName":""}
 

2024-09-28 04:41:16: [2024-09-28-04-40-55][CLASS = LoginProtocolProcessorAsync][INFO]: 로그인 요청 

2024-09-28 04:41:16: [2024-09-28-04-40-56][CLASS = LoginProtocolProcessorAsync][INFO]: ID : ade345 PW : 12341234 

2024-09-28 04:41:16: [2024-09-28-04-40-56][CLASS = LoginProtocolProcessorAsync][INFO]: HostID : 0 

2024-09-28 04:41:16: [2024-09-28-04-40-56][CLASS = LoginProtocolProcessorAsync][INFO]: Command : 1 

2024-09-28 04:41:16: [2024-09-28-04-40-56][CLASS = LoginProtocolProcessorAsync][INFO]: Socket : 127.0.0.1:55091 

2024-09-28 04:41:16: [2024-09-28-04-40-56][CLASS = LoginProtocolProcessorAsync][INFO]: nick :  

2024-09-28 04:41:16: [2024-09-28-04-40-56][CLASS = ReceiveCompleted][INFO]: Receive Data From Client : {"ProtocolSelector":2,"Command":1,"HostId":0,"Id":"ade345","PW":"12341234","NickName":""}
 

2024-09-28 04:41:16: [2024-09-28-04-40-56][CLASS = LoginProtocolProcessorAsync][INFO]: 로그인 요청 

2024-09-28 04:41:16: [2024-09-28-04-40-56][CLASS = LoginProtocolProcessorAsync][INFO]: ID : ade345 PW : 12341234 

2024-09-28 04:41:16: [2024-09-28-04-40-56][CLASS = LoginProtocolProcessorAsync][INFO]: HostID : 0 

2024-09-28 04:41:16: [2024-09-28-04-40-56][CLASS = LoginProtocolProcessorAsync][INFO]: Command : 1 

2024-09-28 04:41:16: [2024-09-28-04-40-56][CLASS = LoginProtocolProcessorAsync][INFO]: Socket : 127.0.0.1:55091 

2024-09-28 04:41:16: [2024-09-28-04-40-56][CLASS = LoginProtocolProcessorAsync][INFO]: nick :  

2024-09-28 04:41:16: [2024-09-28-04-40-56][CLASS = ReceiveCompleted][INFO]: Receive Data From Client : {"ProtocolSelector":2,"Command":1,"HostId":0,"Id":"ade345","PW":"12341234","NickName":""}
 

2024-09-28 04:41:16: [2024-09-28-04-40-56][CLASS = LoginProtocolProcessorAsync][INFO]: 로그인 요청 

2024-09-28 04:41:16: [2024-09-28-04-40-56][CLASS = LoginProtocolProcessorAsync][INFO]: ID : ade345 PW : 12341234 

2024-09-28 04:41:16: [2024-09-28-04-40-56][CLASS = LoginProtocolProcessorAsync][INFO]: HostID : 0 

2024-09-28 04:41:16: [2024-09-28-04-40-56][CLASS = LoginProtocolProcessorAsync][INFO]: Command : 1 

2024-09-28 04:41:16: [2024-09-28-04-40-56][CLASS = LoginProtocolProcessorAsync][INFO]: Socket : 127.0.0.1:55091 

2024-09-28 04:41:16: [2024-09-28-04-40-56][CLASS = LoginProtocolProcessorAsync][INFO]: nick :  

2024-09-28 04:41:16: [2024-09-28-04-40-56][CLASS = ReceiveCompleted][INFO]: Receive Data From Client : {"ProtocolSelector":2,"Command":1,"HostId":0,"Id":"ade345","PW":"12341234","NickName":""}
 

2024-09-28 04:41:16: [2024-09-28-04-40-56][CLASS = LoginProtocolProcessorAsync][INFO]: 로그인 요청 

2024-09-28 04:41:16: [2024-09-28-04-40-56][CLASS = LoginProtocolProcessorAsync][INFO]: ID : ade345 PW : 12341234 

2024-09-28 04:41:16: [2024-09-28-04-40-56][CLASS = LoginProtocolProcessorAsync][INFO]: HostID : 0 

2024-09-28 04:41:16: [2024-09-28-04-40-56][CLASS = LoginProtocolProcessorAsync][INFO]: Command : 1 

2024-09-28 04:41:16: [2024-09-28-04-40-57][CLASS = LoginProtocolProcessorAsync][INFO]: Socket : 127.0.0.1:55091 

2024-09-28 04:41:16: [2024-09-28-04-40-57][CLASS = LoginProtocolProcessorAsync][INFO]: nick :  

2024-09-28 04:41:16: [2024-09-28-04-40-57][CLASS = ReceiveCompleted][INFO]: Receive Data From Client : {"ProtocolSelector":2,"Command":1,"HostId":0,"Id":"ade345","PW":"12341234","NickName":""}
 

2024-09-28 04:41:16: [2024-09-28-04-40-57][CLASS = LoginProtocolProcessorAsync][INFO]: 로그인 요청 

2024-09-28 04:41:16: [2024-09-28-04-40-57][CLASS = LoginProtocolProcessorAsync][INFO]: ID : ade345 PW : 12341234 

2024-09-28 04:41:16: [2024-09-28-04-40-57][CLASS = LoginProtocolProcessorAsync][INFO]: HostID : 0 

2024-09-28 04:41:16: [2024-09-28-04-40-57][CLASS = LoginProtocolProcessorAsync][INFO]: Command : 1 

2024-09-28 04:41:16: [2024-09-28-04-40-57][CLASS = LoginProtocolProcessorAsync][INFO]: Socket : 127.0.0.1:55091 

2024-09-28 04:41:16: [2024-09-28-04-40-57][CLASS = LoginProtocolProcessorAsync][INFO]: nick :  

2024-09-28 04:41:16: [2024-09-28-04-40-57][CLASS = ReceiveCompleted][INFO]: Receive Data From Client : {"ProtocolSelector":2,"Command":1,"HostId":0,"Id":"ade345","PW":"12341234","NickName":""}
 

2024-09-28 04:41:16: [2024-09-28-04-40-57][CLASS = LoginProtocolProcessorAsync][INFO]: 로그인 요청 

2024-09-28 04:41:16: [2024-09-28-04-40-57][CLASS = LoginProtocolProcessorAsync][INFO]: ID : ade345 PW : 12341234 

2024-09-28 04:41:16: [2024-09-28-04-40-57][CLASS = LoginProtocolProcessorAsync][INFO]: HostID : 0 

2024-09-28 04:41:16: [2024-09-28-04-40-57][CLASS = LoginProtocolProcessorAsync][INFO]: Command : 1 

2024-09-28 04:41:16: [2024-09-28-04-40-57][CLASS = LoginProtocolProcessorAsync][INFO]: Socket : 127.0.0.1:55091 

2024-09-28 04:41:16: [2024-09-28-04-40-57][CLASS = LoginProtocolProcessorAsync][INFO]: nick :  

2024-09-28 04:41:16: [2024-09-28-04-40-58][CLASS = ReceiveCompleted][INFO]: Receive Data From Client : {"ProtocolSelector":2,"Command":1,"HostId":0,"Id":"ade345","PW":"12341234","NickName":""}
 

2024-09-28 04:41:16: [2024-09-28-04-40-58][CLASS = LoginProtocolProcessorAsync][INFO]: 로그인 요청 

2024-09-28 04:41:16: [2024-09-28-04-40-58][CLASS = LoginProtocolProcessorAsync][INFO]: ID : ade345 PW : 12341234 

2024-09-28 04:41:16: [2024-09-28-04-40-58][CLASS = LoginProtocolProcessorAsync][INFO]: HostID : 0 

2024-09-28 04:41:16: [2024-09-28-04-40-58][CLASS = LoginProtocolProcessorAsync][INFO]: Command : 1 

2024-09-28 04:41:16: [2024-09-28-04-40-58][CLASS = LoginProtocolProcessorAsync][INFO]: Socket : 127.0.0.1:55091 

2024-09-28 04:41:16: [2024-09-28-04-40-58][CLASS = LoginProtocolProcessorAsync][INFO]: nick :  

2024-09-28 04:41:16: [2024-09-28-04-40-58][CLASS = ReceiveCompleted][INFO]: Receive Data From Client : {"ProtocolSelector":2,"Command":1,"HostId":0,"Id":"ade345","PW":"12341234","NickName":""}
 

2024-09-28 04:41:16: [2024-09-28-04-40-58][CLASS = LoginProtocolProcessorAsync][INFO]: 로그인 요청 

2024-09-28 04:41:16: [2024-09-28-04-40-58][CLASS = LoginProtocolProcessorAsync][INFO]: ID : ade345 PW : 12341234 

2024-09-28 04:41:16: [2024-09-28-04-40-58][CLASS = LoginProtocolProcessorAsync][INFO]: HostID : 0 

2024-09-28 04:41:16: [2024-09-28-04-40-58][CLASS = LoginProtocolProcessorAsync][INFO]: Command : 1 

2024-09-28 04:41:16: [2024-09-28-04-40-58][CLASS = LoginProtocolProcessorAsync][INFO]: Socket : 127.0.0.1:55091 

2024-09-28 04:41:16: [2024-09-28-04-40-58][CLASS = LoginProtocolProcessorAsync][INFO]: nick :  

2024-09-28 04:41:16: [2024-09-28-04-40-58][CLASS = ReceiveCompleted][INFO]: Receive Data From Client : {"ProtocolSelector":2,"Command":1,"HostId":0,"Id":"ade345","PW":"12341234","NickName":""}
 

2024-09-28 04:41:16: [2024-09-28-04-40-58][CLASS = LoginProtocolProcessorAsync][INFO]: 로그인 요청 

2024-09-28 04:41:16: [2024-09-28-04-40-58][CLASS = LoginProtocolProcessorAsync][INFO]: ID : ade345 PW : 12341234 

2024-09-28 04:41:16: [2024-09-28-04-40-58][CLASS = LoginProtocolProcessorAsync][INFO]: HostID : 0 

2024-09-28 04:41:16: [2024-09-28-04-40-58][CLASS = LoginProtocolProcessorAsync][INFO]: Command : 1 

2024-09-28 04:41:16: [2024-09-28-04-40-58][CLASS = LoginProtocolProcessorAsync][INFO]: Socket : 127.0.0.1:55091 

2024-09-28 04:41:16: [2024-09-28-04-40-59][CLASS = LoginProtocolProcessorAsync][INFO]: nick :  

2024-09-28 04:41:16: [2024-09-28-04-40-59][CLASS = ReceiveCompleted][INFO]: Receive Data From Client : {"ProtocolSelector":2,"Command":1,"HostId":0,"Id":"ade345","PW":"12341234","NickName":""}
 

2024-09-28 04:41:16: [2024-09-28-04-40-59][CLASS = LoginProtocolProcessorAsync][INFO]: 로그인 요청 

2024-09-28 04:41:16: [2024-09-28-04-40-59][CLASS = LoginProtocolProcessorAsync][INFO]: ID : ade345 PW : 12341234 

2024-09-28 04:41:16: [2024-09-28-04-40-59][CLASS = LoginProtocolProcessorAsync][INFO]: HostID : 0 

2024-09-28 04:41:16: [2024-09-28-04-40-59][CLASS = LoginProtocolProcessorAsync][INFO]: Command : 1 

2024-09-28 04:41:16: [2024-09-28-04-40-59][CLASS = LoginProtocolProcessorAsync][INFO]: Socket : 127.0.0.1:55091 

2024-09-28 04:41:16: [2024-09-28-04-40-59][CLASS = LoginProtocolProcessorAsync][INFO]: nick :  

2024-09-28 04:41:16: [2024-09-28-04-40-59][CLASS = ReceiveCompleted][INFO]: Receive Data From Client : {"ProtocolSelector":2,"Command":1,"HostId":0,"Id":"ade345","PW":"12341234","NickName":""}
 

2024-09-28 04:41:16: [2024-09-28-04-40-59][CLASS = LoginProtocolProcessorAsync][INFO]: 로그인 요청 

2024-09-28 04:41:16: [2024-09-28-04-40-59][CLASS = LoginProtocolProcessorAsync][INFO]: ID : ade345 PW : 12341234 

2024-09-28 04:41:16: [2024-09-28-04-40-59][CLASS = LoginProtocolProcessorAsync][INFO]: HostID : 0 

2024-09-28 04:41:16: [2024-09-28-04-40-59][CLASS = LoginProtocolProcessorAsync][INFO]: Command : 1 

2024-09-28 04:41:16: [2024-09-28-04-40-59][CLASS = LoginProtocolProcessorAsync][INFO]: Socket : 127.0.0.1:55091 

2024-09-28 04:41:16: [2024-09-28-04-40-59][CLASS = LoginProtocolProcessorAsync][INFO]: nick :  

2024-09-28 04:41:16: [2024-09-28-04-40-59][CLASS = ReceiveCompleted][INFO]: Receive Data From Client : {"ProtocolSelector":2,"Command":1,"HostId":0,"Id":"ade345","PW":"12341234","NickName":""}
 

2024-09-28 04:41:16: [2024-09-28-04-40-59][CLASS = LoginProtocolProcessorAsync][INFO]: 로그인 요청 

2024-09-28 04:41:16: [2024-09-28-04-40-59][CLASS = LoginProtocolProcessorAsync][INFO]: ID : ade345 PW : 12341234 

2024-09-28 04:41:16: [2024-09-28-04-40-59][CLASS = LoginProtocolProcessorAsync][INFO]: HostID : 0 

2024-09-28 04:41:16: [2024-09-28-04-40-59][CLASS = LoginProtocolProcessorAsync][INFO]: Command : 1 

2024-09-28 04:41:16: [2024-09-28-04-40-59][CLASS = LoginProtocolProcessorAsync][INFO]: Socket : 127.0.0.1:55091 

2024-09-28 04:41:16: [2024-09-28-04-40-59][CLASS = LoginProtocolProcessorAsync][INFO]: nick :  

2024-09-28 04:41:16: [2024-09-28-04-41-00][CLASS = ReceiveCompleted][INFO]: Receive Data From Client : {"ProtocolSelector":2,"Command":1,"HostId":0,"Id":"ade345","PW":"12341234","NickName":""}
 

2024-09-28 04:41:16: [2024-09-28-04-41-00][CLASS = LoginProtocolProcessorAsync][INFO]: 로그인 요청 

2024-09-28 04:41:16: [2024-09-28-04-41-00][CLASS = LoginProtocolProcessorAsync][INFO]: ID : ade345 PW : 12341234 

2024-09-28 04:41:16: [2024-09-28-04-41-00][CLASS = LoginProtocolProcessorAsync][INFO]: HostID : 0 

2024-09-28 04:41:16: [2024-09-28-04-41-00][CLASS = LoginProtocolProcessorAsync][INFO]: Command : 1 

2024-09-28 04:41:16: [2024-09-28-04-41-00][CLASS = LoginProtocolProcessorAsync][INFO]: Socket : 127.0.0.1:55091 

2024-09-28 04:41:16: [2024-09-28-04-41-00][CLASS = LoginProtocolProcessorAsync][INFO]: nick :  

2024-09-28 04:52:50: [2024-09-28-04-51-50][CLASS = Main][INFO]: config is not null 

2024-09-28 04:52:50: [2024-09-28-04-51-50][CLASS = Main][INFO]: IP = Server Environment 

2024-09-28 04:52:50: [2024-09-28-04-51-50][CLASS = Main][INFO]: GUID = 289bddf4-4576-4666-aa11-66c85e28c445 

2024-09-28 04:52:50: [2024-09-28-04-51-50][CLASS = Main][INFO]: PORT = 3000 

2024-09-28 04:52:50: [2024-09-28-04-51-50][CLASS = Main][INFO]: MAX_CONNECTION = 3000 

2024-09-28 04:52:50: [2024-09-28-04-51-50][CLASS = Main][INFO]: UDP = False 

2024-09-28 04:52:50: [2024-09-28-04-51-50][CLASS = Main][INFO]: IP = True 

2024-09-28 04:52:50: [2024-09-28-04-51-51][CLASS = TcpServerStart][INFO]: Server Start 

2024-09-28 04:52:50: [2024-09-28-04-51-52][CLASS = TcpServerStart][INFO]: Server Version : 0.01.0 

2024-09-28 04:52:50: [2024-09-28-04-51-53][CLASS = TcpServerStart][INFO]: Server Port : 3000 

2024-09-28 04:52:50: [2024-09-28-04-51-54][CLASS = TcpServerStart][INFO]: Server Max Connection : 3000 

2024-09-28 04:52:50: [2024-09-28-04-51-55][CLASS = TcpServerStart][INFO]: Server is TCP : True 

2024-09-28 04:52:50: [2024-09-28-04-51-56][CLASS = TcpServerStart][INFO]: Server is UDP : False 

2024-09-28 04:52:50: [2024-09-28-04-51-57][CLASS = TcpServerStart][ATTENTION]: Server Configuration Complete!!! 

2024-09-28 04:52:50: [2024-09-28-04-51-58][CLASS = TcpServerStart][ATTENTION]: Server Running!!! 

2024-09-28 04:52:50: [2024-09-28-04-52-05][CLASS = AcceptCompleted][WARNING]: Client Connected - ID: Unknown
line number: 254

2024-09-28 04:52:50: [2024-09-28-04-52-05][CLASS = AcceptCompleted][WARNING]: Waiting for next connection...
line number: 277

2024-09-28 04:52:50: [2024-09-28-04-52-11][CLASS = ReceiveCompleted][INFO]: Receive Data From Client : {"ProtocolSelector":2,"Command":1,"HostId":0,"Id":"ade345","PW":"12341234","NickName":""}
 

2024-09-28 04:52:50: [2024-09-28-04-52-11][CLASS = LoginProtocolProcessorAsync][INFO]: 로그인 요청 

2024-09-28 04:52:50: [2024-09-28-04-52-11][CLASS = LoginProtocolProcessorAsync][INFO]: ID : ade345 PW : 12341234 

2024-09-28 04:52:50: [2024-09-28-04-52-11][CLASS = LoginProtocolProcessorAsync][INFO]: HostID : 0 

2024-09-28 04:52:50: [2024-09-28-04-52-11][CLASS = LoginProtocolProcessorAsync][INFO]: Command : 1 

2024-09-28 04:52:50: [2024-09-28-04-52-11][CLASS = LoginProtocolProcessorAsync][INFO]: Socket : 127.0.0.1:55178 

2024-09-28 04:52:50: [2024-09-28-04-52-11][CLASS = LoginProtocolProcessorAsync][INFO]: nick :  

2024-09-28 04:52:50: [2024-09-28-04-52-18][CLASS = ReceiveCompleted][INFO]: Receive Data From Client : {"ProtocolSelector":2,"Command":1,"HostId":0,"Id":"ade345","PW":"12341234","NickName":""}
 

2024-09-28 04:52:50: [2024-09-28-04-52-18][CLASS = LoginProtocolProcessorAsync][INFO]: 로그인 요청 

2024-09-28 04:52:50: [2024-09-28-04-52-18][CLASS = LoginProtocolProcessorAsync][INFO]: ID : ade345 PW : 12341234 

2024-09-28 04:52:50: [2024-09-28-04-52-18][CLASS = LoginProtocolProcessorAsync][INFO]: HostID : 0 

2024-09-28 04:52:50: [2024-09-28-04-52-18][CLASS = LoginProtocolProcessorAsync][INFO]: Command : 1 

2024-09-28 04:52:50: [2024-09-28-04-52-18][CLASS = LoginProtocolProcessorAsync][INFO]: Socket : 127.0.0.1:55178 

2024-09-28 04:52:50: [2024-09-28-04-52-18][CLASS = LoginProtocolProcessorAsync][INFO]: nick :  

2024-09-28 04:56:35: [2024-09-28-04-55-35][CLASS = Main][INFO]: config is not null 

2024-09-28 04:56:35: [2024-09-28-04-55-35][CLASS = Main][INFO]: IP = Server Environment 

2024-09-28 04:56:35: [2024-09-28-04-55-35][CLASS = Main][INFO]: GUID = 289bddf4-4576-4666-aa11-66c85e28c445 

2024-09-28 04:56:35: [2024-09-28-04-55-35][CLASS = Main][INFO]: PORT = 3000 

2024-09-28 04:56:35: [2024-09-28-04-55-35][CLASS = Main][INFO]: MAX_CONNECTION = 3000 

2024-09-28 04:56:35: [2024-09-28-04-55-35][CLASS = Main][INFO]: UDP = False 

2024-09-28 04:56:35: [2024-09-28-04-55-35][CLASS = Main][INFO]: IP = True 

2024-09-28 04:56:35: [2024-09-28-04-55-36][CLASS = TcpServerStart][INFO]: Server Start 

2024-09-28 04:56:35: [2024-09-28-04-55-37][CLASS = TcpServerStart][INFO]: Server Version : 0.01.0 

2024-09-28 04:56:35: [2024-09-28-04-55-38][CLASS = TcpServerStart][INFO]: Server Port : 3000 

2024-09-28 04:56:35: [2024-09-28-04-55-39][CLASS = TcpServerStart][INFO]: Server Max Connection : 3000 

2024-09-28 04:56:35: [2024-09-28-04-55-40][CLASS = TcpServerStart][INFO]: Server is TCP : True 

2024-09-28 04:56:35: [2024-09-28-04-55-41][CLASS = TcpServerStart][INFO]: Server is UDP : False 

2024-09-28 04:56:35: [2024-09-28-04-55-42][CLASS = TcpServerStart][ATTENTION]: Server Configuration Complete!!! 

2024-09-28 04:56:35: [2024-09-28-04-55-43][CLASS = TcpServerStart][ATTENTION]: Server Running!!! 

2024-09-28 04:56:35: [2024-09-28-04-55-44][CLASS = AcceptCompleted][WARNING]: Client Connected - ID: Unknown
line number: 254

2024-09-28 04:56:35: [2024-09-28-04-55-44][CLASS = AcceptCompleted][WARNING]: Waiting for next connection...
line number: 277

2024-09-28 04:56:35: [2024-09-28-04-55-48][CLASS = ReceiveCompleted][INFO]: Receive Data From Client : {"ProtocolSelector":2,"Command":1,"HostId":0,"Id":"ade345","PW":"12341234","NickName":""}
 

2024-09-28 04:56:35: [2024-09-28-04-55-48][CLASS = LoginProtocolProcessorAsync][INFO]: 로그인 요청 

2024-09-28 04:56:35: [2024-09-28-04-55-48][CLASS = LoginProtocolProcessorAsync][INFO]: ID : ade345 PW : 12341234 

2024-09-28 04:56:35: [2024-09-28-04-55-48][CLASS = LoginProtocolProcessorAsync][INFO]: HostID : 0 

2024-09-28 04:56:35: [2024-09-28-04-55-48][CLASS = LoginProtocolProcessorAsync][INFO]: Command : 1 

2024-09-28 04:56:35: [2024-09-28-04-55-48][CLASS = LoginProtocolProcessorAsync][INFO]: Socket : 127.0.0.1:55197 

2024-09-28 04:56:35: [2024-09-28-04-55-48][CLASS = LoginProtocolProcessorAsync][INFO]: nick :  

2024-09-28 04:56:35: [2024-09-28-04-55-48][CLASS = LoginProtocolProcessorAsync][ATTENTION]: 로그인 성공 

2024-09-28 04:56:35: [2024-09-28-04-55-48][CLASS = LoginProtocolProcessorAsync][ATTENTION]: {"ProtocolSelector":2,"Command":9,"HostId":0,"Id":"ade345","PW":"12341234","Nickname":null} 

2024-09-28 05:02:46: [2024-09-28-05-01-45][CLASS = Main][INFO]: config is not null 

2024-09-28 05:02:46: [2024-09-28-05-01-46][CLASS = Main][INFO]: IP = Server Environment 

2024-09-28 05:02:46: [2024-09-28-05-01-46][CLASS = Main][INFO]: GUID = 289bddf4-4576-4666-aa11-66c85e28c445 

2024-09-28 05:02:46: [2024-09-28-05-01-46][CLASS = Main][INFO]: PORT = 3000 

2024-09-28 05:02:46: [2024-09-28-05-01-46][CLASS = Main][INFO]: MAX_CONNECTION = 3000 

2024-09-28 05:02:46: [2024-09-28-05-01-46][CLASS = Main][INFO]: UDP = False 

2024-09-28 05:02:46: [2024-09-28-05-01-46][CLASS = Main][INFO]: IP = True 

2024-09-28 05:02:46: [2024-09-28-05-01-48][CLASS = TcpServerStart][INFO]: Server Start 

2024-09-28 05:02:46: [2024-09-28-05-01-49][CLASS = TcpServerStart][INFO]: Server Version : 0.01.0 

2024-09-28 05:02:46: [2024-09-28-05-01-50][CLASS = TcpServerStart][INFO]: Server Port : 3000 

2024-09-28 05:02:46: [2024-09-28-05-01-51][CLASS = TcpServerStart][INFO]: Server Max Connection : 3000 

2024-09-28 05:02:46: [2024-09-28-05-01-52][CLASS = TcpServerStart][INFO]: Server is TCP : True 

2024-09-28 05:02:46: [2024-09-28-05-01-53][CLASS = TcpServerStart][INFO]: Server is UDP : False 

2024-09-28 05:02:46: [2024-09-28-05-01-54][CLASS = TcpServerStart][ATTENTION]: Server Configuration Complete!!! 

2024-09-28 05:02:46: [2024-09-28-05-01-55][CLASS = TcpServerStart][ATTENTION]: Server Running!!! 

2024-09-28 05:02:46: [2024-09-28-05-02-18][CLASS = AcceptCompleted][WARNING]: Client Connected - ID: Unknown
line number: 254

2024-09-28 05:02:46: [2024-09-28-05-02-18][CLASS = AcceptCompleted][WARNING]: Waiting for next connection...
line number: 277

2024-09-28 05:02:46: [2024-09-28-05-02-26][CLASS = ReceiveCompleted][INFO]: Receive Data From Client : {"ProtocolSelector":2,"Command":1,"HostId":0,"Id":"ade345","PW":"12341234","NickName":""}
 

2024-09-28 05:02:46: [2024-09-28-05-02-26][CLASS = LoginProtocolProcessorAsync][INFO]: 로그인 요청 

2024-09-28 05:02:46: [2024-09-28-05-02-26][CLASS = LoginProtocolProcessorAsync][INFO]: ID : ade345 PW : 12341234 

2024-09-28 05:02:46: [2024-09-28-05-02-26][CLASS = LoginProtocolProcessorAsync][INFO]: HostID : 0 

2024-09-28 05:02:46: [2024-09-28-05-02-26][CLASS = LoginProtocolProcessorAsync][INFO]: Command : 1 

2024-09-28 05:02:46: [2024-09-28-05-02-26][CLASS = LoginProtocolProcessorAsync][INFO]: Socket : 127.0.0.1:55306 

2024-09-28 05:02:46: [2024-09-28-05-02-26][CLASS = LoginProtocolProcessorAsync][INFO]: nick :  

2024-09-28 05:02:46: [2024-09-28-05-02-26][CLASS = LoginProtocolProcessorAsync][ATTENTION]: 로그인 성공 

2024-09-28 05:02:46: [2024-09-28-05-02-26][CLASS = LoginProtocolProcessorAsync][ATTENTION]: {"ProtocolSelector":2,"Command":9,"HostId":0,"Id":"ade345","PW":"12341234","Nickname":null} 

2024-09-28 05:05:21: [2024-09-28-05-04-20][CLASS = Main][INFO]: config is not null 

2024-09-28 05:05:21: [2024-09-28-05-04-21][CLASS = Main][INFO]: IP = Server Environment 

2024-09-28 05:05:21: [2024-09-28-05-04-21][CLASS = Main][INFO]: GUID = 289bddf4-4576-4666-aa11-66c85e28c445 

2024-09-28 05:05:21: [2024-09-28-05-04-21][CLASS = Main][INFO]: PORT = 3000 

2024-09-28 05:05:21: [2024-09-28-05-04-21][CLASS = Main][INFO]: MAX_CONNECTION = 3000 

2024-09-28 05:05:21: [2024-09-28-05-04-21][CLASS = Main][INFO]: UDP = False 

2024-09-28 05:05:21: [2024-09-28-05-04-21][CLASS = Main][INFO]: IP = True 

2024-09-28 05:05:21: [2024-09-28-05-04-22][CLASS = TcpServerStart][INFO]: Server Start 

2024-09-28 05:05:21: [2024-09-28-05-04-23][CLASS = TcpServerStart][INFO]: Server Version : 0.01.0 

2024-09-28 05:05:21: [2024-09-28-05-04-24][CLASS = TcpServerStart][INFO]: Server Port : 3000 

2024-09-28 05:05:21: [2024-09-28-05-04-25][CLASS = TcpServerStart][INFO]: Server Max Connection : 3000 

2024-09-28 05:05:21: [2024-09-28-05-04-26][CLASS = TcpServerStart][INFO]: Server is TCP : True 

2024-09-28 05:05:21: [2024-09-28-05-04-27][CLASS = TcpServerStart][INFO]: Server is UDP : False 

2024-09-28 05:05:21: [2024-09-28-05-04-28][CLASS = TcpServerStart][ATTENTION]: Server Configuration Complete!!! 

2024-09-28 05:05:21: [2024-09-28-05-04-29][CLASS = TcpServerStart][ATTENTION]: Server Running!!! 

2024-09-28 05:05:21: [2024-09-28-05-04-35][CLASS = AcceptCompleted][WARNING]: Client Connected - ID: Unknown
line number: 254

2024-09-28 05:05:21: [2024-09-28-05-04-35][CLASS = AcceptCompleted][WARNING]: Waiting for next connection...
line number: 277

2024-09-28 05:05:21: [2024-09-28-05-04-39][CLASS = ReceiveCompleted][INFO]: Receive Data From Client : {"ProtocolSelector":2,"Command":1,"HostId":0,"Id":"ade345","PW":"12341234","NickName":""}
 

2024-09-28 05:05:21: [2024-09-28-05-04-39][CLASS = LoginProtocolProcessorAsync][INFO]: 로그인 요청 

2024-09-28 05:05:21: [2024-09-28-05-04-39][CLASS = LoginProtocolProcessorAsync][INFO]: ID : ade345 PW : 12341234 

2024-09-28 05:05:21: [2024-09-28-05-04-39][CLASS = LoginProtocolProcessorAsync][INFO]: HostID : 0 

2024-09-28 05:05:21: [2024-09-28-05-04-39][CLASS = LoginProtocolProcessorAsync][INFO]: Command : 1 

2024-09-28 05:05:21: [2024-09-28-05-04-39][CLASS = LoginProtocolProcessorAsync][INFO]: Socket : 127.0.0.1:55328 

2024-09-28 05:05:21: [2024-09-28-05-04-39][CLASS = LoginProtocolProcessorAsync][INFO]: nick :  

2024-09-28 05:05:21: [2024-09-28-05-04-39][CLASS = LoginProtocolProcessorAsync][ATTENTION]: 로그인 성공 

2024-09-28 05:05:21: [2024-09-28-05-04-39][CLASS = LoginProtocolProcessorAsync][ATTENTION]: {"ProtocolSelector":2,"Command":9,"HostId":0,"Id":"ade345","PW":"12341234","Nickname":"\uC0B4\uADE0\uC791"} 

2024-09-28 05:06:21: [2024-09-28-05-06-19][CLASS = AcceptCompleted][WARNING]: Client Connected - ID: Unknown
line number: 254

2024-09-28 05:06:21: [2024-09-28-05-06-19][CLASS = AcceptCompleted][WARNING]: Waiting for next connection...
line number: 277

2024-09-28 05:08:21: [2024-09-28-05-07-35][CLASS = ReceiveCompleted][INFO]: Receive Data From Client : {"ProtocolSelector":2,"Command":1,"HostId":0,"Id":"ade345","PW":"12341234","NickName":""}
 

2024-09-28 05:08:21: [2024-09-28-05-07-35][CLASS = LoginProtocolProcessorAsync][INFO]: 로그인 요청 

2024-09-28 05:08:21: [2024-09-28-05-07-35][CLASS = LoginProtocolProcessorAsync][INFO]: ID : ade345 PW : 12341234 

2024-09-28 05:08:21: [2024-09-28-05-07-35][CLASS = LoginProtocolProcessorAsync][INFO]: HostID : 0 

2024-09-28 05:08:21: [2024-09-28-05-07-35][CLASS = LoginProtocolProcessorAsync][INFO]: Command : 1 

2024-09-28 05:08:21: [2024-09-28-05-07-35][CLASS = LoginProtocolProcessorAsync][INFO]: Socket : 127.0.0.1:55342 

2024-09-28 05:08:21: [2024-09-28-05-07-35][CLASS = LoginProtocolProcessorAsync][INFO]: nick :  

2024-09-28 05:08:21: [2024-09-28-05-07-35][CLASS = LoginProtocolProcessorAsync][ATTENTION]: 로그인 성공 

2024-09-28 05:08:21: [2024-09-28-05-07-35][CLASS = LoginProtocolProcessorAsync][ATTENTION]: {"ProtocolSelector":2,"Command":9,"HostId":0,"Id":"ade345","PW":"12341234","Nickname":"\uC0B4\uADE0\uC791"} 

2024-09-28 05:23:20: [2024-09-28-05-21-54][CLASS = AcceptCompleted][WARNING]: Client Connected - ID: Unknown
line number: 254

2024-09-28 05:23:20: [2024-09-28-05-21-54][CLASS = AcceptCompleted][WARNING]: Waiting for next connection...
line number: 277

2024-09-28 05:23:20: [2024-09-28-05-22-00][CLASS = ReceiveCompleted][INFO]: Receive Data From Client : {"ProtocolSelector":2,"Command":1,"HostId":0,"Id":"ade345","PW":"12341234","NickName":""}
 

2024-09-28 05:23:20: [2024-09-28-05-22-00][CLASS = LoginProtocolProcessorAsync][INFO]: 로그인 요청 

2024-09-28 05:23:20: [2024-09-28-05-22-00][CLASS = LoginProtocolProcessorAsync][INFO]: ID : ade345 PW : 12341234 

2024-09-28 05:23:20: [2024-09-28-05-22-00][CLASS = LoginProtocolProcessorAsync][INFO]: HostID : 0 

2024-09-28 05:23:20: [2024-09-28-05-22-00][CLASS = LoginProtocolProcessorAsync][INFO]: Command : 1 

2024-09-28 05:23:20: [2024-09-28-05-22-00][CLASS = LoginProtocolProcessorAsync][INFO]: Socket : 127.0.0.1:55531 

2024-09-28 05:23:20: [2024-09-28-05-22-00][CLASS = LoginProtocolProcessorAsync][INFO]: nick :  

2024-09-28 05:23:20: [2024-09-28-05-22-00][CLASS = LoginProtocolProcessorAsync][ATTENTION]: 로그인 성공 

2024-09-28 05:23:20: [2024-09-28-05-23-20][CLASS = LoginProtocolProcessorAsync][ATTENTION]: {"ProtocolSelector":2,"Command":9,"HostId":0,"Id":"ade345","PW":"12341234","Nickname":"\uC0B4\uADE0\uC791"} 

2024-09-28 05:28:20: [2024-09-28-05-27-42][CLASS = AcceptCompleted][WARNING]: Client Connected - ID: Unknown
line number: 254

2024-09-28 05:28:20: [2024-09-28-05-27-42][CLASS = AcceptCompleted][WARNING]: Waiting for next connection...
line number: 277

2024-09-28 05:28:20: [2024-09-28-05-27-46][CLASS = ReceiveCompleted][INFO]: Receive Data From Client : {"ProtocolSelector":2,"Command":1,"HostId":0,"Id":"ade345","PW":"12341234","Nickname":""}
 

2024-09-28 05:28:20: [2024-09-28-05-27-46][CLASS = LoginProtocolProcessorAsync][INFO]: 로그인 요청 

2024-09-28 05:28:20: [2024-09-28-05-27-46][CLASS = LoginProtocolProcessorAsync][INFO]: ID : ade345 PW : 12341234 

2024-09-28 05:28:20: [2024-09-28-05-27-46][CLASS = LoginProtocolProcessorAsync][INFO]: HostID : 0 

2024-09-28 05:28:20: [2024-09-28-05-27-46][CLASS = LoginProtocolProcessorAsync][INFO]: Command : 1 

2024-09-28 05:28:20: [2024-09-28-05-27-46][CLASS = LoginProtocolProcessorAsync][INFO]: Socket : 127.0.0.1:55607 

2024-09-28 05:28:20: [2024-09-28-05-27-46][CLASS = LoginProtocolProcessorAsync][INFO]: nick :  

2024-09-28 05:28:20: [2024-09-28-05-27-46][CLASS = LoginProtocolProcessorAsync][ATTENTION]: 로그인 성공 

2024-09-28 05:28:20: [2024-09-28-05-27-46][CLASS = LoginProtocolProcessorAsync][ATTENTION]: {"ProtocolSelector":2,"Command":9,"HostId":0,"Id":"ade345","PW":"12341234","Nickname":"\uC0B4\uADE0\uC791"} 

